<?xml version="1.0" encoding="UTF-8"?>
<testng-results ignored="0" total="1" passed="1" failed="0" skipped="0">
  <reporter-output>
  </reporter-output>
  <suite started-at="2026-08-22T12:24:36 IST" name="Suite" finished-at="2026-08-22T12:24:51 IST" duration-ms="14977">
    <groups>
    </groups>
    <test started-at="2026-08-22T12:24:36 IST" name="Test" finished-at="2026-08-22T12:24:51 IST" duration-ms="14977">
      <class name="SauceDemo2.SauceDemo2.AppTest">
        <test-method is-config="true" signature="setUp()[pri:0, instance:SauceDemo2.SauceDemo2.AppTest@368f2016]" started-at="2026-08-22T12:24:37 IST" name="setUp" finished-at="2026-08-22T12:24:49 IST" duration-ms="11995" status="PASS">
          <reporter-output>
          </reporter-output>
        </test-method> <!-- setUp -->
        <test-method signature="completePurchase()[pri:0, instance:SauceDemo2.SauceDemo2.AppTest@368f2016]" started-at="2026-08-22T12:24:49 IST" name="completePurchase" finished-at="2026-08-22T12:24:51 IST" duration-ms="2332" status="PASS">
          <reporter-output>
          </reporter-output>
        </test-method> <!-- completePurchase -->
        <test-method is-config="true" signature="tearDown()[pri:0, instance:SauceDemo2.SauceDemo2.AppTest@368f2016]" started-at="2026-08-22T12:24:51 IST" name="tearDown" finished-at="2026-08-22T12:24:51 IST" duration-ms="545" status="PASS">
          <reporter-output>
          </reporter-output>
        </test-method> <!-- tearDown -->
      </class> <!-- SauceDemo2.SauceDemo2.AppTest -->
    </test> <!-- Test -->
  </suite> <!-- Suite -->
</testng-results>
